Log file open, 07/24/18 20:40:17
LogWindows: Failed to load 'aqProf.dll' (GetLastError=126)
LogWindows: File 'aqProf.dll' does not exist
LogWindows: Failed to load 'VtuneApi.dll' (GetLastError=126)
LogWindows: File 'VtuneApi.dll' does not exist
LogWindows: Failed to load 'VtuneApi32e.dll' (GetLastError=126)
LogWindows: File 'VtuneApi32e.dll' does not exist
LogInit: Display: Running engine for game: StreamSurvival
LogPlatformFile: Not using cached read wrapper
LogTaskGraph: Started task graph with 5 named threads and 14 total threads with 3 sets of task threads.
LogStats: Stats thread started at 0.178546
LogD3D11RHI: Loaded GFSDK_Aftermath_Lib.x64.dll
LogICUInternationalization: Display: ICU TimeZone Detection - Raw Offset: +3:00, Platform Override: ''
LogPluginManager: Mounting plugin Paper2D
LogPluginManager: Mounting plugin AISupport
LogPluginManager: Mounting plugin LiveLink
LogPluginManager: Mounting plugin LightPropagationVolume
LogPluginManager: Mounting plugin CLionSourceCodeAccess
LogPluginManager: Mounting plugin CodeLiteSourceCodeAccess
LogPluginManager: Mounting plugin GitSourceControl
LogPluginManager: Mounting plugin KDevelopSourceCodeAccess
LogPluginManager: Mounting plugin NullSourceCodeAccess
LogPluginManager: Mounting plugin PerforceSourceControl
LogPluginManager: Mounting plugin SubversionSourceControl
LogPluginManager: Mounting plugin UObjectPlugin
LogPluginManager: Mounting plugin VisualStudioCodeSourceCodeAccess
LogPluginManager: Mounting plugin VisualStudioSourceCodeAccess
LogPluginManager: Mounting plugin XCodeSourceCodeAccess
LogPluginManager: Mounting plugin AssetManagerEditor
LogPluginManager: Mounting plugin CryptoKeys
LogPluginManager: Mounting plugin DataValidation
LogPluginManager: Mounting plugin FacialAnimation
LogPluginManager: Mounting plugin GameplayTagsEditor
LogPluginManager: Mounting plugin MacGraphicsSwitching
LogPluginManager: Mounting plugin MeshEditor
LogPluginManager: Mounting plugin MobileLauncherProfileWizard
LogPluginManager: Mounting plugin PluginBrowser
LogPluginManager: Mounting plugin SpeedTreeImporter
LogPluginManager: Mounting plugin DatasmithContent
LogPluginManager: Mounting plugin AlembicImporter
LogPluginManager: Mounting plugin AppleImageUtils
LogPluginManager: Mounting plugin AppleVision
LogPluginManager: Mounting plugin BackChannel
LogPluginManager: Mounting plugin CharacterAI
LogPluginManager: Mounting plugin GeometryCache
LogPluginManager: Mounting plugin HTML5Networking
LogPluginManager: Mounting plugin ProxyLODPlugin
LogPluginManager: Mounting plugin MagicLeap
LogPluginManager: Mounting plugin MagicLeapEmulator
LogPluginManager: Mounting plugin MagicLeapMedia
LogPluginManager: Mounting plugin AndroidMedia
LogPluginManager: Mounting plugin AvfMedia
LogPluginManager: Mounting plugin ImgMedia
LogPluginManager: Mounting plugin LinearTimecode
LogPluginManager: Mounting plugin MediaCompositing
LogPluginManager: Mounting plugin MediaPlayerEditor
LogPluginManager: Mounting plugin WmfMedia
LogPluginManager: Mounting plugin TcpMessaging
LogPluginManager: Mounting plugin UdpMessaging
LogPluginManager: Mounting plugin ActorSequence
LogPluginManager: Mounting plugin LevelSequenceEditor
LogPluginManager: Mounting plugin MatineeToLevelSequence
LogPluginManager: Mounting plugin NetcodeUnitTest
LogPluginManager: Mounting plugin NUTUnrealEngine4
LogPluginManager: Mounting plugin OnlineSubsystemGooglePlay
LogPluginManager: Mounting plugin OnlineSubsystemIOS
LogPluginManager: Mounting plugin OnlineSubsystem
LogPluginManager: Mounting plugin OnlineSubsystemNull
LogPluginManager: Mounting plugin OnlineSubsystemUtils
LogPluginManager: Mounting plugin LauncherChunkInstaller
LogPluginManager: Mounting plugin AndroidDeviceProfileSelector
LogPluginManager: Mounting plugin AndroidMoviePlayer
LogPluginManager: Mounting plugin AndroidPermission
LogPluginManager: Mounting plugin AppleARKit
LogPluginManager: Mounting plugin AppleMoviePlayer
LogPluginManager: Mounting plugin ArchVisCharacter
LogPluginManager: Mounting plugin AudioCapture
LogPluginManager: Mounting plugin CableComponent
LogPluginManager: Mounting plugin CustomMeshComponent
LogPluginManager: Mounting plugin EditableMesh
LogPluginManager: Mounting plugin ExampleDeviceProfileSelector
LogPluginManager: Mounting plugin GoogleCloudMessaging
LogPluginManager: Mounting plugin ImmediatePhysics
LogPluginManager: Mounting plugin IOSDeviceProfileSelector
LogPluginManager: Mounting plugin LinuxDeviceProfileSelector
LogPluginManager: Mounting plugin LocationServicesBPLibrary
LogPluginManager: Mounting plugin MobilePatchingUtils
LogPluginManager: Mounting plugin OculusVR
LogPluginManager: Plugin shader directory ../../../Engine/Plugins/Runtime/Oculus/OculusVR/Shaders found
LogPluginManager: Mapping shader source directory ../../../Engine/Plugins/Runtime/Oculus/OculusVR/Shaders to virtual directory /Plugin/OculusVR
LogPluginManager: Mounting plugin PhysXVehicles
LogPluginManager: Mounting plugin ProceduralMeshComponent
LogPluginManager: Mounting plugin RuntimePhysXCooking
LogPluginManager: Mounting plugin SteamVR
LogPluginManager: Mounting plugin WindowsMoviePlayer
LogStreaming: Display: Took  0.462s to configure plugins.
LogWindows: Failed to load 'lib/win64/ml_perception_client.dll' (GetLastError=126)
LogWindows: File 'lib/win64/ml_perception_client.dll' does not exist
LogWindows: Failed to load 'lib/win64/ml_perception_client.dll' (GetLastError=126)
LogWindows: File 'lib/win64/ml_perception_client.dll' does not exist
LogWindows: Failed to load 'lib/win64/ml_graphics.dll' (GetLastError=126)
LogWindows: File 'lib/win64/ml_graphics.dll' does not exist
LogWindows: Failed to load 'lib/win64/ml_lifecycle.dll' (GetLastError=126)
LogWindows: File 'lib/win64/ml_lifecycle.dll' does not exist
LogWindows: Failed to load 'lib/win64/ml_input.dll' (GetLastError=126)
LogWindows: File 'lib/win64/ml_input.dll' does not exist
LogWindows: Failed to load 'lib/win64/ml_secure_storage.dll' (GetLastError=126)
LogWindows: File 'lib/win64/ml_secure_storage.dll' does not exist
LogWindows: Failed to load 'lib/win64/ml_identity.dll' (GetLastError=126)
LogWindows: File 'lib/win64/ml_identity.dll' does not exist
LogWindows: Failed to load 'lib/win64/ml_privileges.dll' (GetLastError=126)
LogWindows: File 'lib/win64/ml_privileges.dll' does not exist
LogInit: Using libcurl 7.55.1-DEV
LogInit:  - built for x86_64-pc-win32
LogInit:  - supports SSL with OpenSSL/1.0.2h
LogInit:  - supports HTTP deflate (compression) using libz 1.2.8
LogInit:  - other features:
LogInit:      CURL_VERSION_SSL
LogInit:      CURL_VERSION_LIBZ
LogInit:      CURL_VERSION_IPV6
LogInit:      CURL_VERSION_ASYNCHDNS
LogInit:      CURL_VERSION_LARGEFILE
LogInit:      CURL_VERSION_IDN
LogInit:  CurlRequestOptions (configurable via config and command line):
LogInit:  - bVerifyPeer = false  - Libcurl will NOT verify peer certificate
LogInit:  - bUseHttpProxy = false  - Libcurl will NOT use HTTP proxy
LogInit:  - bDontReuseConnections = false  - Libcurl will reuse connections
LogInit:  - CertBundlePath = nullptr  - Libcurl will use whatever was configured at build time.
LogInit:  - MaxHostConnections = 16  - Libcurl will limit the number of connections to a host
LogInit:  - LocalHostAddr = Default
LogInit:  - BufferSize = 65536
LogInit: WinSock: version 1.1 (2.2), MaxSocks=32767, MaxUdp=65467
LogInit: WinSock: I am DESKTOP-359PM8M (192.168.31.158:0)
LogInit: Build: ++UE4+Release-4.20-CL-4135216
LogInit: Engine Version: 4.20.0-4135216+++UE4+Release-4.20
LogInit: Compatible Engine Version: 4.20.0-4135216+++UE4+Release-4.20
LogInit: Net CL: 4135216
LogInit: OS: Windows 10 (), CPU: Intel(R) Core(TM) i5-6500 CPU @ 3.20GHz, GPU: NVIDIA GeForce GTX 1050 Ti
LogInit: Compiled (64-bit): Jun 18 2018 11:27:40
LogInit: Compiled with Visual C++: 19.13.26129.00
LogInit: Build Configuration: Development
LogInit: Branch Name: ++UE4+Release-4.20
LogInit: Command Line: -EpicPortal 
LogInit: Base Directory: D:/Program Files/Epic Games/UE_4.20/Engine/Binaries/Win64/
LogInit: Installed Engine Build: 1
LogDevObjectVersion: Number of dev versions registered: 20
LogDevObjectVersion:   Dev-Blueprints (B0D832E4-1F89-4F0D-ACCF-7EB736FD4AA2): 10
LogDevObjectVersion:   Dev-Build (E1C64328-A22C-4D53-A36C-8E866417BD8C): 0
LogDevObjectVersion:   Dev-Core (375EC13C-06E4-48FB-B500-84F0262A717E): 2
LogDevObjectVersion:   Dev-Editor (E4B068ED-F494-42E9-A231-DA0B2E46BB41): 24
LogDevObjectVersion:   Dev-Framework (CFFC743F-43B0-4480-9391-14DF171D2073): 34
LogDevObjectVersion:   Dev-Mobile (B02B49B5-BB20-44E9-A304-32B752E40360): 2
LogDevObjectVersion:   Dev-Networking (A4E4105C-59A1-49B5-A7C5-40C4547EDFEE): 0
LogDevObjectVersion:   Dev-Online (39C831C9-5AE6-47DC-9A44-9C173E1C8E7C): 0
LogDevObjectVersion:   Dev-Physics (78F01B33-EBEA-4F98-B9B4-84EACCB95AA2): 0
LogDevObjectVersion:   Dev-Platform (6631380F-2D4D-43E0-8009-CF276956A95A): 0
LogDevObjectVersion:   Dev-Rendering (12F88B9F-8875-4AFC-A67C-D90C383ABD29): 26
LogDevObjectVersion:   Dev-Sequencer (7B5AE74C-D270-4C10-A958-57980B212A5A): 9
LogDevObjectVersion:   Dev-VR (D7296918-1DD6-4BDD-9DE2-64A83CC13884): 2
LogDevObjectVersion:   Dev-LoadTimes (C2A15278-BFE7-4AFE-6C17-90FF531DF755): 1
LogDevObjectVersion:   Private-Geometry (6EACA3D4-40EC-4CC1-B786-8BED09428FC5): 3
LogDevObjectVersion:   Dev-AnimPhys (29E575DD-E0A3-4627-9D10-D276232CDCEA): 17
LogDevObjectVersion:   Dev-ReflectionCapture (6B266CEC-1EC7-4B8F-A30B-E4D90942FC07): 1
LogDevObjectVersion:   Dev-Automation (0DF73D61-A23F-47EA-B727-89E90C41499A): 1
LogDevObjectVersion:   FortniteMain (601D1886-AC64-4F84-AA16-D3DE0DEAC7D6): 12
LogDevObjectVersion:   Dev-Enterprise (9DFFBCD6-494F-0158-E221-12823C92A888): 1
LogStreaming: Display: Took  0.000s to delete old logs.
LogInit: Presizing for max 8388607 objects, including 0 objects not considered by GC, pre-allocating 0 bytes for permanent pool.
LogInit: Object subsystem initialized
[2018.07.24-17.40.17:441][  0]LogInit: Selected Device Profile: [Windows]
[2018.07.24-17.40.17:441][  0]LogInit: Applying CVar settings loaded from the selected device profile: [Windows]
[2018.07.24-17.40.17:449][  0]LogHAL: Display: Platform has ~ 8 GB [8523440128 / 8589934592 / 8], which maps to Default [LargestMinGB=32, LargerMinGB=12, DefaultMinGB=8, SmallerMinGB=6, SmallestMinGB=0)
[2018.07.24-17.40.17:449][  0]LogInit: Setting Device Profile CVar: [[r.Vulkan.UseRealUBs:1]]
[2018.07.24-17.40.17:449][  0]LogInit: Going up to parent DeviceProfile []
[2018.07.24-17.40.17:449][  0]LogInit: Computer: DESKTOP-359PM8M
[2018.07.24-17.40.17:449][  0]LogInit: User: Kira
[2018.07.24-17.40.17:449][  0]LogInit: CPU Page size=4096, Cores=4
[2018.07.24-17.40.17:450][  0]LogInit: High frequency timer resolution =3.117191 MHz
[2018.07.24-17.40.17:450][  0]LogMemory: Memory total: Physical=7.9GB (8GB approx)
[2018.07.24-17.40.17:450][  0]LogMemory: Platform Memory Stats for Windows
[2018.07.24-17.40.17:450][  0]LogMemory: Process Physical Memory: 100.35 MB used, 100.35 MB peak
[2018.07.24-17.40.17:450][  0]LogMemory: Process Virtual Memory: 82.85 MB used, 82.85 MB peak
[2018.07.24-17.40.17:450][  0]LogMemory: Physical Memory: 4755.41 MB used,  3373.18 MB free, 8128.59 MB total
[2018.07.24-17.40.17:450][  0]LogMemory: Virtual Memory: 4620.13 MB used,  3373.18 MB free, 134217728.00 MB total
[2018.07.24-17.40.17:463][  0]LogInit: Using OS detected language (ru-RU).
[2018.07.24-17.40.17:463][  0]LogInit: Using OS detected locale (ru-RU).
[2018.07.24-17.40.17:464][  0]LogTextLocalizationManager: No specific localization for 'ru-RU' exists, so the 'ru' localization will be used.
[2018.07.24-17.40.17:465][  0]LogStreaming: Display: Took  0.002s to InitEngineTextLocalization.
[2018.07.24-17.40.17:465][  0]LogInit: Setting process to per monitor DPI aware
[2018.07.24-17.40.17:506][  0]LogSlate: New Slate User Created.  User Index 0, Is Virtual User: 0
[2018.07.24-17.40.17:506][  0]LogSlate: Slate User Registered.  User Index 0, Is Virtual User: 0
[2018.07.24-17.40.17:655][  0]LogHMD: Failed to initialize OpenVR with code 110
[2018.07.24-17.40.17:656][  0]LogD3D11RHI: D3D11 adapters:
[2018.07.24-17.40.17:790][  0]LogD3D11RHI:    0. 'NVIDIA GeForce GTX 1050 Ti' (Feature Level 11_0)
[2018.07.24-17.40.17:790][  0]LogD3D11RHI:       4018/0/4064 MB DedicatedVideo/DedicatedSystem/SharedSystem, Outputs:1, VendorId:0x10de
[2018.07.24-17.40.17:792][  0]LogD3D11RHI:    1. 'Microsoft Basic Render Driver' (Feature Level 11_0)
[2018.07.24-17.40.17:792][  0]LogD3D11RHI:       0/0/4064 MB DedicatedVideo/DedicatedSystem/SharedSystem, Outputs:0, VendorId:0x1414
[2018.07.24-17.40.17:792][  0]LogD3D11RHI: Chosen D3D11 Adapter: 0
[2018.07.24-17.40.17:798][  0]LogD3D11RHI: Creating new Direct3DDevice
[2018.07.24-17.40.17:798][  0]LogD3D11RHI:     GPU DeviceId: 0x1c82 (for the marketing name, search the web for "GPU Device Id")
[2018.07.24-17.40.17:798][  0]LogWindows: EnumDisplayDevices:
[2018.07.24-17.40.17:798][  0]LogWindows:    0. 'NVIDIA GeForce GTX 1050 Ti' (P:1 D:1)
[2018.07.24-17.40.17:798][  0]LogWindows:    1. 'NVIDIA GeForce GTX 1050 Ti' (P:0 D:0)
[2018.07.24-17.40.17:798][  0]LogWindows:    2. 'NVIDIA GeForce GTX 1050 Ti' (P:0 D:0)
[2018.07.24-17.40.17:798][  0]LogWindows:    3. 'NVIDIA GeForce GTX 1050 Ti' (P:0 D:0)
[2018.07.24-17.40.17:798][  0]LogWindows: DebugString: FoundDriverCount:4 
[2018.07.24-17.40.17:799][  0]LogD3D11RHI:     Adapter Name: NVIDIA GeForce GTX 1050 Ti
[2018.07.24-17.40.17:799][  0]LogD3D11RHI:   Driver Version: 390.65 (internal:23.21.13.9065, unified:390.65)
[2018.07.24-17.40.17:799][  0]LogD3D11RHI:      Driver Date: 1-3-2018
[2018.07.24-17.40.17:799][  0]LogRHI: Texture pool is 2812 MB (70% of 4018 MB)
[2018.07.24-17.40.17:823][  0]LogD3D11RHI: [Aftermath] Enabled and primed
[2018.07.24-17.40.17:823][  0]LogD3D11RHI: Async texture creation enabled
[2018.07.24-17.40.17:845][  0]LogD3D11RHI: GPU Timing Frequency: 1000.000000 (Debug: 2 2)
[2018.07.24-17.40.17:892][  0]LogShaderCompilers: Guid format shader working directory is -17 characters bigger than the processId version (../../../../../../Unreal Projects/StreamSurvival/ue4_learning/Intermediate/Shaders/WorkingDirectory/10228/).
[2018.07.24-17.40.17:892][  0]LogShaderCompilers: Cleaned the shader compiler working directory 'C:/Users/Kira/AppData/Local/Temp/UnrealShaderWorkingDir/E74F989644DB0D5F9F4CA382A9E2CA17/'.
[2018.07.24-17.40.18:159][  0]LogTemp: Display: Loaded TP AllDesktopTargetPlatform
[2018.07.24-17.40.18:171][  0]LogTemp: Display: Loaded TP MacClientTargetPlatform
[2018.07.24-17.40.18:184][  0]LogTemp: Display: Loaded TP MacNoEditorTargetPlatform
[2018.07.24-17.40.18:196][  0]LogTemp: Display: Loaded TP MacServerTargetPlatform
[2018.07.24-17.40.18:209][  0]LogTemp: Display: Loaded TP MacTargetPlatform
[2018.07.24-17.40.18:222][  0]LogTemp: Display: Loaded TP WindowsClientTargetPlatform
[2018.07.24-17.40.18:234][  0]LogTemp: Display: Loaded TP WindowsNoEditorTargetPlatform
[2018.07.24-17.40.18:247][  0]LogTemp: Display: Loaded TP WindowsServerTargetPlatform
[2018.07.24-17.40.18:253][  0]LogTemp: Display: Loaded TP WindowsTargetPlatform
[2018.07.24-17.40.18:338][  0]LogTemp: Display: Loaded TP AndroidTargetPlatform
[2018.07.24-17.40.18:338][  0]LogTemp: Display: Loaded TP AndroidTargetPlatform
[2018.07.24-17.40.18:338][  0]LogTemp: Display: Loaded TP AndroidTargetPlatform
[2018.07.24-17.40.18:338][  0]LogTemp: Display: Loaded TP AndroidTargetPlatform
[2018.07.24-17.40.18:338][  0]LogTemp: Display: Loaded TP AndroidTargetPlatform
[2018.07.24-17.40.18:338][  0]LogTemp: Display: Loaded TP AndroidTargetPlatform
[2018.07.24-17.40.18:338][  0]LogTemp: Display: Loaded TP AndroidTargetPlatform
[2018.07.24-17.40.18:338][  0]LogTemp: Display: Loaded TP AndroidTargetPlatform
[2018.07.24-17.40.18:338][  0]LogTemp: Display: Loaded TP AndroidTargetPlatform
[2018.07.24-17.40.18:338][  0]LogTemp: Display: Loaded TP AndroidTargetPlatform
[2018.07.24-17.40.18:338][  0]LogTemp: Display: Loaded TP AndroidTargetPlatform
[2018.07.24-17.40.18:338][  0]LogTemp: Display: Loaded TP AndroidTargetPlatform
[2018.07.24-17.40.18:338][  0]LogTemp: Display: Loaded TP AndroidTargetPlatform
[2018.07.24-17.40.18:338][  0]LogTemp: Display: Loaded TP AndroidTargetPlatform
[2018.07.24-17.40.18:338][  0]LogTemp: Display: Loaded TP AndroidTargetPlatform
[2018.07.24-17.40.18:338][  0]LogTemp: Display: Loaded TP AndroidTargetPlatform
[2018.07.24-17.40.18:338][  0]LogTemp: Display: Loaded TP AndroidTargetPlatform
[2018.07.24-17.40.18:338][  0]LogTemp: Display: Loaded TP AndroidTargetPlatform
[2018.07.24-17.40.18:339][  0]LogTemp: Display: Loaded TP HTML5TargetPlatform
[2018.07.24-17.40.18:398][  0]LogTemp: Display: Loaded TP IOSTargetPlatform
[2018.07.24-17.40.18:398][  0]LogTemp: Display: Loaded TP IOSTargetPlatform
[2018.07.24-17.40.18:422][  0]LogTemp: Display: Loaded TP TVOSTargetPlatform
[2018.07.24-17.40.18:422][  0]LogTemp: Display: Loaded TP TVOSTargetPlatform
[2018.07.24-17.40.18:434][  0]LogTemp: Display: Loaded TP LinuxClientTargetPlatform
[2018.07.24-17.40.18:446][  0]LogTemp: Display: Loaded TP LinuxNoEditorTargetPlatform
[2018.07.24-17.40.18:458][  0]LogTemp: Display: Loaded TP LinuxServerTargetPlatform
[2018.07.24-17.40.18:471][  0]LogTemp: Display: Loaded TP LinuxTargetPlatform
[2018.07.24-17.40.18:480][  0]LogTemp: Display: Loaded TP LuminTargetPlatform
[2018.07.24-17.40.18:480][  0]LogTargetPlatformManager: Display: Building Assets For Windows
[2018.07.24-17.40.18:521][  0]LogXGEController: Cannot use XGE Controller as Incredibuild is not installed on this machine.
[2018.07.24-17.40.18:521][  0]LogShaderCompilers: Cannot use XGE Shader Compiler as Incredibuild is not installed on this machine.
[2018.07.24-17.40.18:521][  0]LogShaderCompilers: Display: Using Local Shader Compiler.
[2018.07.24-17.40.19:223][  0]LogDerivedDataCache: Display: Max Cache Size: 512 MB
[2018.07.24-17.40.19:286][  0]LogDerivedDataCache: Loaded boot cache 0.06s 87MB C:/Users/Kira/AppData/Local/UnrealEngine/4.20/DerivedDataCache/Boot.ddc.
[2018.07.24-17.40.19:287][  0]LogDerivedDataCache: Display: Loaded Boot cache: C:/Users/Kira/AppData/Local/UnrealEngine/4.20/DerivedDataCache/Boot.ddc
[2018.07.24-17.40.19:287][  0]LogDerivedDataCache: FDerivedDataBackendGraph:  Pak pak cache file ../../../../../../Unreal Projects/StreamSurvival/ue4_learning/DerivedDataCache/DDC.ddp not found, will not use a pak cache.
[2018.07.24-17.40.19:287][  0]LogDerivedDataCache: Unable to find inner node Pak for hierarchical cache Hierarchy.
[2018.07.24-17.40.19:287][  0]LogDerivedDataCache: FDerivedDataBackendGraph:  CompressedPak pak cache file ../../../../../../Unreal Projects/StreamSurvival/ue4_learning/DerivedDataCache/Compressed.ddp not found, will not use a pak cache.
[2018.07.24-17.40.19:287][  0]LogDerivedDataCache: Unable to find inner node CompressedPak for hierarchical cache Hierarchy.
[2018.07.24-17.40.19:300][  0]LogDerivedDataCache: Display: Pak cache opened for reading ../../../Engine/DerivedDataCache/Compressed.ddp.
[2018.07.24-17.40.19:312][  0]LogDerivedDataCache: Using Local data cache path C:/Users/Kira/AppData/Local/UnrealEngine/Common/DerivedDataCache: Writable
[2018.07.24-17.40.19:312][  0]LogDerivedDataCache: Shared data cache path not found in *engine.ini, will not use an Shared cache.
[2018.07.24-17.40.19:312][  0]LogDerivedDataCache: Unable to find inner node Shared for hierarchical cache Hierarchy.
[2018.07.24-17.40.19:330][  0]LogMaterial: Verifying Global Shaders for PCD3D_SM5
[2018.07.24-17.40.19:332][  0]LogSlate: Using FreeType 2.6.0
[2018.07.24-17.40.19:332][  0]LogSlate: SlateFontServices - WITH_FREETYPE: 1, WITH_HARFBUZZ: 1
[2018.07.24-17.40.19:402][  0]LogAssetRegistry: FAssetRegistry took 0.0261 seconds to start up
[2018.07.24-17.40.19:710][  0]LogInit: Selected Device Profile: [Windows]
[2018.07.24-17.40.19:842][  0]LogSimplygon: Simplygon DLL not present - disabling.
[2018.07.24-17.40.19:844][  0]LogMeshReduction: Using SimplygonSwarm for distributed automatic mesh merging
[2018.07.24-17.40.19:844][  0]LogMeshReduction: Using ProxyLODMeshReduction for automatic mesh merging
[2018.07.24-17.40.19:844][  0]LogMeshReduction: Using QuadricMeshReduction for automatic static mesh reduction
[2018.07.24-17.40.19:844][  0]LogMeshReduction: No automatic skeletal mesh reduction module available
[2018.07.24-17.40.19:864][  0]LogNetVersion: StreamSurvival 1.0.0, NetCL: 4135216, EngineNetVer: 5, GameNetVer: 0 (Checksum: 3320146815)
[2018.07.24-17.40.20:508][  0]LogPackageLocalizationCache: Processed 12 localized package path(s) for 2 prioritized culture(s) in 0.110167 seconds
[2018.07.24-17.40.20:513][  0]LogUObjectArray: 38922 objects as part of root set at end of initial load.
[2018.07.24-17.40.20:513][  0]LogUObjectAllocator: 6937232 out of 0 bytes used by permanent object pool.
[2018.07.24-17.40.20:513][  0]LogUObjectArray: CloseDisregardForGC: 0/0 objects in disregard for GC pool
[2018.07.24-17.40.21:397][  0]LogTcpMessaging: Initializing TcpMessaging bridge
[2018.07.24-17.40.21:409][  0]LogUdpMessaging: Initializing bridge on interface 0.0.0.0:0 to multicast group 230.0.0.1:6666.
[2018.07.24-17.40.21:637][  0]SourceControl: Source control is disabled
[2018.07.24-17.40.21:637][  0]SourceControl: Source control is disabled
[2018.07.24-17.40.21:637][  0]SourceControl: Source control is disabled
[2018.07.24-17.40.21:638][  0]SourceControl: Source control is disabled
[2018.07.24-17.40.21:787][  0]LogAndroidPermission: UAndroidPermissionCallbackProxy::GetInstance
[2018.07.24-17.40.21:833][  0]LogOcInput: OculusInput pre-init called
[2018.07.24-17.40.21:888][  0]LogEngine: Initializing Engine...
[2018.07.24-17.40.21:889][  0]LogHMD: Failed to initialize OpenVR with code 110
[2018.07.24-17.40.21:890][  0]LogStats: UGameplayTagsManager::ConstructGameplayTagTree: ImportINI prefixes -  0.000 s
[2018.07.24-17.40.21:890][  0]LogStats: UGameplayTagsManager::ConstructGameplayTagTree: Construct from data asset -  0.000 s
[2018.07.24-17.40.21:890][  0]LogStats: UGameplayTagsManager::ConstructGameplayTagTree: ImportINI -  0.000 s
[2018.07.24-17.40.21:890][  0]LogStats: UGameplayTagsManager::ConstructGameplayTagTree: GameplayTagTreeChangedEvent.Broadcast -  0.000 s
[2018.07.24-17.40.22:093][  0]LogInit: Initializing FReadOnlyCVARCache
[2018.07.24-17.40.22:100][  0]LogAIModule: Creating AISystem for world Untitled
[2018.07.24-17.40.22:161][  0]LogInit: XAudio2 using 'SONY TV  *00 (NVIDIA High Definition Audio)' : 2 channels at 48 kHz using 16 bits per sample (channel mask 0x3)
[2018.07.24-17.40.22:171][  0]LogInit: FAudioDevice initialized.
[2018.07.24-17.40.22:172][  0]LogNetVersion: Set ProjectVersion to 1.0.0.0. Version Checksum will be recalculated on next use.
[2018.07.24-17.40.22:247][  0]LogDerivedDataCache: Saved boot cache 0.08s 87MB C:/Users/Kira/AppData/Local/UnrealEngine/4.20/DerivedDataCache/Boot.ddc.
[2018.07.24-17.40.22:254][  0]LogInit: Texture streaming: Enabled
[2018.07.24-17.40.22:263][  0]LogEngineSessionManager: EngineSessionManager initialized
[2018.07.24-17.40.22:284][  0]LogInit: Transaction tracking system initialized
[2018.07.24-17.40.22:295][  0]BlueprintLog: New page: Editor Load
[2018.07.24-17.40.22:334][  0]LocalizationService: Localization service is disabled
[2018.07.24-17.40.22:384][  0]LogLinker: Warning: Can't find file '/Game/ThirdPersonBP/ThirdPersonOverview'
[2018.07.24-17.40.22:385][  0]LogLinker: Warning: Can't find file '/Game/ThirdPersonBP/ThirdPersonOverview'
[2018.07.24-17.40.22:385][  0]LogUObjectGlobals: Warning: Failed to find object 'Class /Game/ThirdPersonBP/ThirdPersonOverview.ThirdPersonOverview_C'
[2018.07.24-17.40.22:631][  0]LogCook: Display: Max memory allowance for cook 16384mb min free memory 0mb
[2018.07.24-17.40.22:631][  0]LogCook: Display: Mobile HDR setting 1
[2018.07.24-17.40.22:646][  0]LogFileCache: Scanning file cache for directory 'D:/Unreal Projects/StreamSurvival/ue4_learning/Content/' took 0.02s
[2018.07.24-17.40.22:646][  0]LogGameplayTags: Display: UGameplayTagsManager::DoneAddingNativeTags. DelegateIsBound: 0
[2018.07.24-17.40.22:646][  0]LogStats: UGameplayTagsManager::ConstructGameplayTagTree: ImportINI prefixes -  0.000 s
[2018.07.24-17.40.22:646][  0]LogStats: UGameplayTagsManager::ConstructGameplayTagTree: Construct from data asset -  0.000 s
[2018.07.24-17.40.22:646][  0]LogStats: UGameplayTagsManager::ConstructGameplayTagTree: ImportINI -  0.000 s
[2018.07.24-17.40.22:646][  0]LogStats: UGameplayTagsManager::ConstructGameplayTagTree: GameplayTagTreeChangedEvent.Broadcast -  0.000 s
[2018.07.24-17.40.22:761][  0]SourceControl: Source control is disabled
[2018.07.24-17.40.22:761][  0]Cmd: MAP LOAD FILE="../../../../../../Unreal Projects/StreamSurvival/ue4_learning/Content/Maps/SurvivalMap.umap" TEMPLATE=0 SHOWPROGRESS=1 FEATURELEVEL=3
[2018.07.24-17.40.22:762][  0]LightingResults: New page: Lighting Build
[2018.07.24-17.40.22:764][  0]MapCheck: New page: Map Check
[2018.07.24-17.40.22:764][  0]LightingResults: New page: Lighting Build
[2018.07.24-17.40.24:264][  0]LogAIModule: Creating AISystem for world SurvivalMap
[2018.07.24-17.40.24:359][  0]LogEditorServer: Finished looking for orphan Actors (0.000 secs)
[2018.07.24-17.40.24:418][  0]Cmd: MAP CHECKDEP NOCLEARLOG
[2018.07.24-17.40.24:456][  0]MapCheck: Map check complete: 0 Error(s), 0 Warning(s), took 37,968ms to complete.
[2018.07.24-17.40.24:456][  0]LogFileHelpers: Loading map 'SurvivalMap' took 1.694
[2018.07.24-17.40.25:623][  0]LogSlate: Updating window title bar state: overlay mode, drag disabled, window buttons hidden, title bar hidden
[2018.07.24-17.40.25:647][  0]LogSlate: Updating window title bar state: overlay mode, drag disabled, window buttons hidden, title bar hidden
[2018.07.24-17.40.25:662][  0]LogSlate: Updating window title bar state: overlay mode, drag disabled, window buttons hidden, title bar hidden
[2018.07.24-17.40.25:672][  0]LogSlate: Updating window title bar state: overlay mode, drag disabled, window buttons hidden, title bar hidden
[2018.07.24-17.40.25:797][  0]LogCollectionManager: Loaded 0 collections in 0.000607 seconds
[2018.07.24-17.40.26:110][  0]LogFileCache: Scanning file cache for directory 'D:/Unreal Projects/StreamSurvival/ue4_learning/Saved/Collections/' took 0.01s
[2018.07.24-17.40.26:110][  0]LogFileCache: Scanning file cache for directory 'D:/Unreal Projects/StreamSurvival/ue4_learning/Content/Developers/Kira/Collections/' took 0.01s
[2018.07.24-17.40.26:110][  0]LogFileCache: Scanning file cache for directory 'D:/Unreal Projects/StreamSurvival/ue4_learning/Content/Collections/' took 0.01s
[2018.07.24-17.40.26:110][  0]LogCollectionManager: Rebuilt the GUID cache for 0 collections in 0.000001 seconds
[2018.07.24-17.40.26:133][  0]LogContentBrowser: Native class hierarchy populated in 0.0192 seconds. Added 2610 classes and 618 folders.
[2018.07.24-17.40.26:324][  0]LogContentBrowser: Native class hierarchy updated for 'WidgetCarousel' in 0.0004 seconds. Added 0 classes and 0 folders.
[2018.07.24-17.40.27:345][  0]LogContentBrowser: Native class hierarchy updated for 'AddContentDialog' in 0.0002 seconds. Added 0 classes and 0 folders.
[2018.07.24-17.40.27:399][  0]LogContentBrowser: Native class hierarchy updated for 'SceneOutliner' in 0.0003 seconds. Added 1 classes and 2 folders.
[2018.07.24-17.40.27:744][  0]LogSlate: Took 0.000150 seconds to synchronously load lazily loaded font '../../../Engine/Content/Slate/Fonts/Roboto-Regular.ttf' (155K)
[2018.07.24-17.40.27:758][  0]LogSlate: Took 0.000149 seconds to synchronously load lazily loaded font '../../../Engine/Content/Slate/Fonts/Roboto-Bold.ttf' (160K)
[2018.07.24-17.40.27:783][  0]LogSlate: Took 0.011337 seconds to synchronously load lazily loaded font '../../../Engine/Content/Editor/Slate/Fonts/FontAwesome.ttf' (139K)
[2018.07.24-17.40.27:910][  0]LogRenderer: Reallocating scene render targets to support 1396x924 Format 10 NumSamples 1 (Frame:1).
[2018.07.24-17.40.28:174][  0]LogContentBrowser: Native class hierarchy updated for 'HierarchicalLODOutliner' in 0.0002 seconds. Added 0 classes and 0 folders.
[2018.07.24-17.40.28:174][  0]LogLoad: (Engine Initialization) Total time: 12.24 seconds
[2018.07.24-17.40.28:174][  0]LogLoad: (Engine Initialization) Total Blueprint compile time: 0.00 seconds
[2018.07.24-17.40.28:184][  0]LogWindowsTextInputMethodSystem: Display: IME system now deactivated.
[2018.07.24-17.40.28:232][  0]LogContentStreaming: Texture pool size now 3000 MB
[2018.07.24-17.40.28:282][  1]LogAssetRegistry: Asset discovery search completed in 8.9013 seconds
[2018.07.24-17.40.28:294][  1]LogCollectionManager: Rebuilt the object cache for 0 collections in 0.000001 seconds (found 0 objects)
[2018.07.24-17.40.28:294][  1]LogCollectionManager: Fixed up redirectors for 0 collections in 0.000055 seconds (updated 0 objects)
[2018.07.24-17.40.32:326][451]LogSlate: Took 0.011375 seconds to synchronously load lazily loaded font '../../../Engine/Content/Slate/Fonts/Roboto-Light.ttf' (167K)
[2018.07.24-17.40.36:763][977]LogSlate: FSceneViewport::OnFocusLost() reason 0
[2018.07.24-17.40.36:951][993]LogSlate: Window 'StreamSurvival - Unreal Editor' being destroyed
[2018.07.24-17.40.36:952][993]LogWindowsTextInputMethodSystem: Display: IME system now deactivated.
[2018.07.24-17.40.36:955][993]LogWindowsTextInputMethodSystem: Display: IME system now deactivated.
[2018.07.24-17.40.37:115][994]Cmd: QUIT_EDITOR
[2018.07.24-17.40.37:135][994]LogExit: Preparing to exit.
[2018.07.24-17.40.37:468][994]LogExit: Editor shut down
[2018.07.24-17.40.37:469][994]LogExit: Transaction tracking system shut down
[2018.07.24-17.40.37:899][994]LogExit: Object subsystem successfully closed.
[2018.07.24-17.40.38:005][994]LogShaderCompilers: Display: Shaders left to compile 0
[2018.07.24-17.40.38:008][994]LogD3D11RHI: Shutdown
[2018.07.24-17.40.38:008][994]LogD3D11RHI: CleanupD3DDevice
[2018.07.24-17.40.38:037][994]LogD3D11RHI: ~FD3D11DynamicRHI
[2018.07.24-17.40.38:048][994]LogModuleManager: Shutting down and abandoning module HierarchicalLODOutliner (618)
[2018.07.24-17.40.38:049][994]LogModuleManager: Shutting down and abandoning module SceneOutliner (616)
[2018.07.24-17.40.38:049][994]LogModuleManager: Shutting down and abandoning module AddContentDialog (614)
[2018.07.24-17.40.38:049][994]LogModuleManager: Shutting down and abandoning module WidgetCarousel (613)
[2018.07.24-17.40.38:049][994]LogModuleManager: Shutting down and abandoning module EditorWidgets (610)
[2018.07.24-17.40.38:049][994]LogModuleManager: Shutting down and abandoning module CollectionManager (608)
[2018.07.24-17.40.38:049][994]LogModuleManager: Shutting down and abandoning module StatsViewer (606)
[2018.07.24-17.40.38:049][994]LogModuleManager: Shutting down and abandoning module FoliageEdit (604)
[2018.07.24-17.40.38:049][994]LogModuleManager: Shutting down and abandoning module LandscapeEditor (602)
[2018.07.24-17.40.38:049][994]LogModuleManager: Shutting down and abandoning module MeshPaintMode (600)
[2018.07.24-17.40.38:049][994]LogModuleManager: Shutting down and abandoning module SceneDepthPickerMode (598)
[2018.07.24-17.40.38:049][994]LogModuleManager: Shutting down and abandoning module ActorPickerMode (596)
[2018.07.24-17.40.38:049][994]LogModuleManager: Shutting down and abandoning module GeometryMode (594)
[2018.07.24-17.40.38:049][994]LogModuleManager: Shutting down and abandoning module TextureAlignMode (592)
[2018.07.24-17.40.38:049][994]LogModuleManager: Shutting down and abandoning module BspMode (590)
[2018.07.24-17.40.38:049][994]LogModuleManager: Shutting down and abandoning module PIEPreviewDeviceProfileSelector (588)
[2018.07.24-17.40.38:049][994]LogModuleManager: Shutting down and abandoning module SequenceRecorderSections (586)
[2018.07.24-17.40.38:049][994]LogModuleManager: Shutting down and abandoning module AutomationWorker (584)
[2018.07.24-17.40.38:049][994]LogModuleManager: Shutting down and abandoning module AudioCaptureEditor (582)
[2018.07.24-17.40.38:049][994]LogModuleManager: Shutting down and abandoning module SequenceRecorder (581)
[2018.07.24-17.40.38:049][994]LogModuleManager: Shutting down and abandoning module MatineeToLevelSequence (578)
[2018.07.24-17.40.38:049][994]LogModuleManager: Shutting down and abandoning module LevelSequenceEditor (576)
[2018.07.24-17.40.38:049][994]LogModuleManager: Shutting down and abandoning module PlacementMode (575)
[2018.07.24-17.40.38:049][994]LogModuleManager: Shutting down and abandoning module MaterialEditor (574)
[2018.07.24-17.40.38:050][994]LogModuleManager: Shutting down and abandoning module WmfMediaFactory (570)
[2018.07.24-17.40.38:050][994]LogModuleManager: Shutting down and abandoning module WmfMediaEditor (568)
[2018.07.24-17.40.38:050][994]LogModuleManager: Shutting down and abandoning module MediaPlayerEditor (566)
[2018.07.24-17.40.38:050][994]LogModuleManager: Shutting down and abandoning module OpenExrWrapper (564)
[2018.07.24-17.40.38:050][994]LogModuleManager: Shutting down and abandoning module ImgMediaFactory (562)
[2018.07.24-17.40.38:050][994]LogModuleManager: Shutting down and abandoning module ImgMediaEditor (560)
[2018.07.24-17.40.38:050][994]LogModuleManager: Shutting down and abandoning module AvfMediaFactory (558)
[2018.07.24-17.40.38:050][994]LogModuleManager: Shutting down and abandoning module AvfMediaEditor (556)
[2018.07.24-17.40.38:050][994]LogModuleManager: Shutting down and abandoning module AndroidMediaFactory (554)
[2018.07.24-17.40.38:050][994]LogModuleManager: Shutting down and abandoning module AndroidMediaEditor (552)
[2018.07.24-17.40.38:050][994]LogModuleManager: Shutting down and abandoning module MagicLeapCameraPreviewFactory (550)
[2018.07.24-17.40.38:050][994]LogModuleManager: Shutting down and abandoning module MagicLeapMediaFactory (548)
[2018.07.24-17.40.38:050][994]LogModuleManager: Shutting down and abandoning module MagicLeapMediaEditor (546)
[2018.07.24-17.40.38:050][994]LogModuleManager: Shutting down and abandoning module CharacterAI (544)
[2018.07.24-17.40.38:050][994]LogModuleManager: Shutting down and abandoning module SmartSnapping (542)
[2018.07.24-17.40.38:050][994]LogModuleManager: Shutting down and abandoning module SessionServices (540)
[2018.07.24-17.40.38:050][994]LogModuleManager: Shutting down and abandoning module ViewportSnapping (538)
[2018.07.24-17.40.38:050][994]LogModuleManager: Shutting down and abandoning module ViewportInteraction (536)
[2018.07.24-17.40.38:050][994]LogModuleManager: Shutting down and abandoning module ClothPainter (534)
[2018.07.24-17.40.38:050][994]LogModuleManager: Shutting down and abandoning module SkeletalMeshEditor (533)
[2018.07.24-17.40.38:050][994]LogModuleManager: Shutting down and abandoning module LogVisualizer (530)
[2018.07.24-17.40.38:050][994]LogModuleManager: Shutting down and abandoning module IntroTutorials (528)
[2018.07.24-17.40.38:050][994]LogModuleManager: Shutting down and abandoning module GameProjectGeneration (527)
[2018.07.24-17.40.38:050][994]LogModuleManager: Shutting down and abandoning module LuminPlatformEditor (524)
[2018.07.24-17.40.38:050][994]LogModuleManager: Shutting down and abandoning module IOSPlatformEditor (522)
[2018.07.24-17.40.38:050][994]LogModuleManager: Shutting down and abandoning module HTML5PlatformEditor (520)
[2018.07.24-17.40.38:050][994]LogModuleManager: Shutting down and abandoning module AndroidPlatformEditor (518)
[2018.07.24-17.40.38:050][994]LogModuleManager: Shutting down and abandoning module AndroidDeviceDetection (517)
[2018.07.24-17.40.38:374][994]LogModuleManager: Shutting down and abandoning module WindowsPlatformEditor (514)
[2018.07.24-17.40.38:374][994]LogModuleManager: Shutting down and abandoning module LuminRuntimeSettings (512)
[2018.07.24-17.40.38:374][994]LogModuleManager: Shutting down and abandoning module IOSRuntimeSettings (510)
[2018.07.24-17.40.38:374][994]LogModuleManager: Shutting down and abandoning module AndroidRuntimeSettings (508)
[2018.07.24-17.40.38:374][994]LogModuleManager: Shutting down and abandoning module InputBindingEditor (506)
[2018.07.24-17.40.38:374][994]LogModuleManager: Shutting down and abandoning module MergeActors (504)
[2018.07.24-17.40.38:374][994]LogModuleManager: Shutting down and abandoning module LocalizationDashboard (502)
[2018.07.24-17.40.38:374][994]LogModuleManager: Shutting down and abandoning module LocalizationService (501)
[2018.07.24-17.40.38:374][994]LogModuleManager: Shutting down and abandoning module HardwareTargeting (498)
[2018.07.24-17.40.38:374][994]LogModuleManager: Shutting down and abandoning module DeviceProfileEditor (496)
[2018.07.24-17.40.38:374][994]LogModuleManager: Shutting down and abandoning module UndoHistory (494)
[2018.07.24-17.40.38:374][994]LogModuleManager: Shutting down and abandoning module XmlParser (492)
[2018.07.24-17.40.38:374][994]LogModuleManager: Shutting down and abandoning module Blutility (490)
[2018.07.24-17.40.38:374][994]LogModuleManager: Shutting down and abandoning module ProjectSettingsViewer (488)
[2018.07.24-17.40.38:374][994]LogModuleManager: Shutting down and abandoning module ProjectTargetPlatformEditor (487)
[2018.07.24-17.40.38:375][994]LogModuleManager: Shutting down and abandoning module EditorSettingsViewer (484)
[2018.07.24-17.40.38:375][994]LogModuleManager: Shutting down and abandoning module SettingsEditor (482)
[2018.07.24-17.40.38:375][994]LogModuleManager: Shutting down and abandoning module ProjectLauncher (480)
[2018.07.24-17.40.38:375][994]LogModuleManager: Shutting down and abandoning module SessionFrontend (478)
[2018.07.24-17.40.38:375][994]LogModuleManager: Shutting down and abandoning module ProfilerClient (476)
[2018.07.24-17.40.38:375][994]LogModuleManager: Shutting down and abandoning module DeviceManager (474)
[2018.07.24-17.40.38:375][994]LogModuleManager: Shutting down and abandoning module TargetDeviceServices (473)
[2018.07.24-17.40.38:430][994]LogModuleManager: Shutting down and abandoning module AutomationController (470)
[2018.07.24-17.40.38:430][994]LogModuleManager: Shutting down and abandoning module AutomationWindow (468)
[2018.07.24-17.40.38:430][994]LogModuleManager: Shutting down and abandoning module Layers (466)
[2018.07.24-17.40.38:430][994]LogModuleManager: Shutting down and abandoning module ComponentVisualizers (464)
[2018.07.24-17.40.38:430][994]LogModuleManager: Shutting down and abandoning module DetailCustomizations (462)
[2018.07.24-17.40.38:430][994]LogModuleManager: Shutting down and abandoning module PackagesDialog (460)
[2018.07.24-17.40.38:430][994]LogModuleManager: Shutting down and abandoning module Persona (458)
[2018.07.24-17.40.38:430][994]LogModuleManager: Shutting down and abandoning module AdvancedPreviewScene (457)
[2018.07.24-17.40.38:430][994]LogModuleManager: Shutting down and abandoning module AnimGraph (455)
[2018.07.24-17.40.38:430][994]LogModuleManager: Shutting down and abandoning module Kismet (452)
[2018.07.24-17.40.38:431][994]LogModuleManager: Shutting down and abandoning module GraphEditor (450)
[2018.07.24-17.40.38:431][994]LogModuleManager: Shutting down and abandoning module ClassViewer (448)
[2018.07.24-17.40.38:431][994]LogModuleManager: Shutting down and abandoning module Toolbox (446)
[2018.07.24-17.40.38:431][994]LogModuleManager: Shutting down and abandoning module ModuleUI (444)
[2018.07.24-17.40.38:431][994]LogModuleManager: Shutting down and abandoning module MovieSceneTools (442)
[2018.07.24-17.40.38:431][994]LogModuleManager: Shutting down and abandoning module OutputLog (440)
[2018.07.24-17.40.38:431][994]LogModuleManager: Shutting down and abandoning module GammaUI (438)
[2018.07.24-17.40.38:431][994]LogModuleManager: Shutting down and abandoning module Documentation (436)
[2018.07.24-17.40.38:431][994]LogModuleManager: Shutting down and abandoning module MovieSceneTracks (434)
[2018.07.24-17.40.38:431][994]LogModuleManager: Shutting down and abandoning module MovieScene (432)
[2018.07.24-17.40.38:431][994]LogModuleManager: Shutting down and abandoning module StreamingPauseRendering (430)
[2018.07.24-17.40.38:431][994]LogModuleManager: Shutting down and abandoning module LauncherPlatform (428)
[2018.07.24-17.40.38:431][994]LogModuleManager: Shutting down and abandoning module AnalyticsET (426)
[2018.07.24-17.40.38:431][994]LogModuleManager: Shutting down and abandoning module PortalServices (424)
[2018.07.24-17.40.38:432][994]LogModuleManager: Shutting down and abandoning module PortalRpc (422)
[2018.07.24-17.40.38:432][994]LogModuleManager: Shutting down and abandoning module MessagingRpc (420)
[2018.07.24-17.40.38:432][994]LogModuleManager: Shutting down and abandoning module AIModule (418)
[2018.07.24-17.40.38:432][994]LogModuleManager: Shutting down and abandoning module GameplayDebugger (417)
[2018.07.24-17.40.38:432][994]LogModuleManager: Shutting down and abandoning module AITestSuite (415)
[2018.07.24-17.40.38:432][994]LogModuleManager: Shutting down and abandoning module NavigationSystem (413)
[2018.07.24-17.40.38:432][994]LogModuleManager: Shutting down and abandoning module DesktopPlatform (410)
[2018.07.24-17.40.38:432][994]LogModuleManager: Shutting down and abandoning module ProfilerService (408)
[2018.07.24-17.40.38:619][994]LogModuleManager: Shutting down and abandoning module TaskGraph (406)
[2018.07.24-17.40.38:619][994]LogModuleManager: Shutting down and abandoning module SteamVRController (404)
[2018.07.24-17.40.38:619][994]LogModuleManager: Shutting down and abandoning module ProceduralMeshComponentEditor (402)
[2018.07.24-17.40.38:619][994]LogModuleManager: Shutting down and abandoning module ProceduralMeshComponent (400)
[2018.07.24-17.40.38:619][994]LogModuleManager: Shutting down and abandoning module OculusInput (398)
[2018.07.24-17.40.38:619][994]LogModuleManager: Shutting down and abandoning module MobilePatchingUtils (396)
[2018.07.24-17.40.38:620][994]LogModuleManager: Shutting down and abandoning module EditableMesh (394)
[2018.07.24-17.40.38:620][994]LogModuleManager: Shutting down and abandoning module CustomMeshComponent (392)
[2018.07.24-17.40.38:620][994]LogModuleManager: Shutting down and abandoning module CableComponent (390)
[2018.07.24-17.40.38:620][994]LogModuleManager: Shutting down and abandoning module AudioCapture (388)
[2018.07.24-17.40.38:620][994]LogModuleManager: Shutting down and abandoning module ArchVisCharacter (386)
[2018.07.24-17.40.38:620][994]LogModuleManager: Shutting down and abandoning module AndroidPermission (384)
[2018.07.24-17.40.38:620][994]LogModuleManager: Shutting down and abandoning module NUTUnrealEngine4 (382)
[2018.07.24-17.40.38:620][994]LogModuleManager: Shutting down and abandoning module NetcodeUnitTest (380)
[2018.07.24-17.40.38:620][994]LogModuleManager: Shutting down and abandoning module MediaCompositingEditor (378)
[2018.07.24-17.40.38:620][994]LogModuleManager: Shutting down and abandoning module MediaCompositing (376)
[2018.07.24-17.40.38:620][994]LogModuleManager: Shutting down and abandoning module LinearTimecode (374)
[2018.07.24-17.40.38:620][994]LogModuleManager: Shutting down and abandoning module ImgMedia (372)
[2018.07.24-17.40.38:624][994]LogModuleManager: Shutting down and abandoning module HTML5Networking (370)
[2018.07.24-17.40.38:625][994]LogModuleManager: Shutting down and abandoning module GeometryCacheTracks (368)
[2018.07.24-17.40.38:625][994]LogModuleManager: Shutting down and abandoning module GeometryCacheSequencer (366)
[2018.07.24-17.40.38:625][994]LogModuleManager: Shutting down and abandoning module BackChannel (364)
[2018.07.24-17.40.38:625][994]LogModuleManager: Shutting down and abandoning module AppleVision (362)
[2018.07.24-17.40.38:625][994]LogModuleManager: Shutting down and abandoning module AppleImageUtils (360)
[2018.07.24-17.40.38:625][994]LogModuleManager: Shutting down and abandoning module AlembicImporter (358)
[2018.07.24-17.40.38:625][994]LogModuleManager: Shutting down and abandoning module AlembicLibrary (357)
[2018.07.24-17.40.38:625][994]LogModuleManager: Shutting down and abandoning module GeometryCache (356)
[2018.07.24-17.40.38:625][994]LogModuleManager: Shutting down and abandoning module GeometryCacheEd (355)
[2018.07.24-17.40.38:625][994]LogModuleManager: Shutting down and abandoning module DatasmithContentEditor (350)
[2018.07.24-17.40.38:625][994]LogModuleManager: Shutting down and abandoning module DatasmithContent (348)
[2018.07.24-17.40.38:625][994]LogModuleManager: Shutting down and abandoning module SpeedTreeImporter (346)
[2018.07.24-17.40.38:625][994]LogModuleManager: Shutting down and abandoning module PluginBrowser (344)
[2018.07.24-17.40.38:626][994]LogModuleManager: Shutting down and abandoning module MobileLauncherProfileWizard (342)
[2018.07.24-17.40.38:626][994]LogModuleManager: Shutting down and abandoning module PolygonModeling (340)
[2018.07.24-17.40.38:626][994]LogModuleManager: Shutting down and abandoning module MeshEditor (338)
[2018.07.24-17.40.38:626][994]LogModuleManager: Shutting down and abandoning module CryptoKeysOpenSSL (336)
[2018.07.24-17.40.38:626][994]LogModuleManager: Shutting down and abandoning module CryptoKeys (334)
[2018.07.24-17.40.38:626][994]LogModuleManager: Shutting down and abandoning module VisualStudioSourceCodeAccess (332)
[2018.07.24-17.40.38:626][994]LogModuleManager: Shutting down and abandoning module VisualStudioCodeSourceCodeAccess (330)
[2018.07.24-17.40.38:626][994]LogModuleManager: Shutting down and abandoning module UObjectPlugin (328)
[2018.07.24-17.40.38:626][994]LogModuleManager: Shutting down and abandoning module SubversionSourceControl (326)
[2018.07.24-17.40.38:626][994]LogModuleManager: Shutting down and abandoning module PerforceSourceControl (324)
[2018.07.24-17.40.38:626][994]LogModuleManager: Shutting down and abandoning module GitSourceControl (322)
[2018.07.24-17.40.38:626][994]LogModuleManager: Shutting down and abandoning module SourceControl (321)
[2018.07.24-17.40.38:626][994]LogModuleManager: Shutting down and abandoning module CLionSourceCodeAccess (318)
[2018.07.24-17.40.38:626][994]LogModuleManager: Shutting down and abandoning module LightPropagationVolumeEditor (316)
[2018.07.24-17.40.38:626][994]LogModuleManager: Shutting down and abandoning module PaperTiledImporter (314)
[2018.07.24-17.40.38:626][994]LogModuleManager: Shutting down and abandoning module PaperSpriteSheetImporter (312)
[2018.07.24-17.40.38:626][994]LogModuleManager: Shutting down and abandoning module Paper2DEditor (310)
[2018.07.24-17.40.38:626][994]LogModuleManager: Shutting down and abandoning module MeshPaint (309)
[2018.07.24-17.40.38:626][994]LogModuleManager: Shutting down and abandoning module RuntimePhysXCooking (306)
[2018.07.24-17.40.38:626][994]LogModuleManager: Shutting down and abandoning module PhysXVehiclesEditor (304)
[2018.07.24-17.40.38:626][994]LogModuleManager: Shutting down and abandoning module PhysXVehicles (302)
[2018.07.24-17.40.38:626][994]LogModuleManager: Shutting down and abandoning module OculusEditor (300)
[2018.07.24-17.40.38:626][994]LogModuleManager: Shutting down and abandoning module LocationServicesBPLibrary (298)
[2018.07.24-17.40.38:626][994]LogModuleManager: Shutting down and abandoning module ImmediatePhysicsEditor (296)
[2018.07.24-17.40.38:626][994]LogModuleManager: Shutting down and abandoning module ImmediatePhysics (294)
[2018.07.24-17.40.38:626][994]LogModuleManager: Shutting down and abandoning module ActorSequence (292)
[2018.07.24-17.40.38:626][994]LogModuleManager: Shutting down and abandoning module UdpMessaging (290)
[2018.07.24-17.40.38:728][994]LogModuleManager: Shutting down and abandoning module TcpMessaging (288)
[2018.07.24-17.40.38:828][994]LogModuleManager: Shutting down and abandoning module MagicLeapAudio (286)
[2018.07.24-17.40.38:828][994]LogModuleManager: Shutting down and abandoning module GameplayTagsEditor (284)
[2018.07.24-17.40.38:828][994]LogModuleManager: Shutting down and abandoning module FacialAnimationEditor (282)
[2018.07.24-17.40.38:828][994]LogModuleManager: Shutting down and abandoning module FacialAnimation (280)
[2018.07.24-17.40.38:828][994]LogModuleManager: Shutting down and abandoning module DataValidation (278)
[2018.07.24-17.40.38:828][994]LogModuleManager: Shutting down and abandoning module AssetManagerEditor (276)
[2018.07.24-17.40.38:828][994]LogModuleManager: Shutting down and abandoning module LevelEditor (275)
[2018.07.24-17.40.38:828][994]LogModuleManager: Shutting down and abandoning module PixelInspectorModule (274)
[2018.07.24-17.40.38:828][994]LogModuleManager: Shutting down and abandoning module CommonMenuExtensions (272)
[2018.07.24-17.40.38:828][994]LogModuleManager: Shutting down and abandoning module MainFrame (270)
[2018.07.24-17.40.38:829][994]LogModuleManager: Shutting down and abandoning module HotReload (269)
[2018.07.24-17.40.38:829][994]LogModuleManager: Shutting down and abandoning module ContentBrowser (265)
[2018.07.24-17.40.38:829][994]LogModuleManager: Shutting down and abandoning module TreeMap (263)
[2018.07.24-17.40.38:829][994]LogModuleManager: Shutting down and abandoning module LightPropagationVolumeRuntime (260)
[2018.07.24-17.40.38:829][994]LogModuleManager: Shutting down and abandoning module LiveLinkEditor (258)
[2018.07.24-17.40.38:830][994]LogModuleManager: Shutting down and abandoning module LiveLink (256)
[2018.07.24-17.40.39:228][994]LogModuleManager: Shutting down and abandoning module AISupportModule (254)
[2018.07.24-17.40.39:228][994]LogModuleManager: Shutting down and abandoning module Paper2D (252)
[2018.07.24-17.40.39:228][994]LogModuleManager: Shutting down and abandoning module WindowsMoviePlayer (250)
[2018.07.24-17.40.39:228][994]LogModuleManager: Shutting down and abandoning module WmfMedia (248)
[2018.07.24-17.40.39:229][994]LogModuleManager: Shutting down and abandoning module Media (247)
[2018.07.24-17.40.39:235][994]LogModuleManager: Shutting down and abandoning module PacketHandler (244)
[2018.07.24-17.40.39:235][994]LogModuleManager: Shutting down and abandoning module ClothingSystemEditor (242)
[2018.07.24-17.40.39:235][994]LogModuleManager: Shutting down and abandoning module ClothingSystemRuntime (240)
[2018.07.24-17.40.39:235][994]LogModuleManager: Shutting down and abandoning module MediaAssets (238)
[2018.07.24-17.40.39:235][994]LogModuleManager: Shutting down and abandoning module Overlay (236)
[2018.07.24-17.40.39:235][994]LogModuleManager: Shutting down and abandoning module OverlayEditor (235)
[2018.07.24-17.40.39:235][994]LogModuleManager: Shutting down and abandoning module VREditor (232)
[2018.07.24-17.40.39:235][994]LogModuleManager: Shutting down and abandoning module StringTableEditor (230)
[2018.07.24-17.40.39:235][994]LogModuleManager: Shutting down and abandoning module GameplayTasksEditor (228)
[2018.07.24-17.40.39:235][994]LogModuleManager: Shutting down and abandoning module BehaviorTreeEditor (226)
[2018.07.24-17.40.39:235][994]LogModuleManager: Shutting down and abandoning module FunctionalTesting (224)
[2018.07.24-17.40.39:235][994]LogModuleManager: Shutting down and abandoning module CollisionAnalyzer (222)
[2018.07.24-17.40.39:235][994]LogModuleManager: Shutting down and abandoning module WorkspaceMenuStructure (221)
[2018.07.24-17.40.39:235][994]LogModuleManager: Shutting down and abandoning module UMG (218)
[2018.07.24-17.40.39:235][994]LogModuleManager: Shutting down and abandoning module UMGEditor (217)
[2018.07.24-17.40.39:236][994]LogModuleManager: Shutting down and abandoning module Sequencer (216)
[2018.07.24-17.40.39:236][994]LogModuleManager: Shutting down and abandoning module MessageLog (213)
[2018.07.24-17.40.39:236][994]LogModuleManager: Shutting down and abandoning module SlateReflector (208)
[2018.07.24-17.40.39:236][994]LogModuleManager: Shutting down and abandoning module Slate (206)
[2018.07.24-17.40.39:236][994]LogModuleManager: Shutting down and abandoning module EditorStyle (204)
[2018.07.24-17.40.39:237][994]LogModuleManager: Shutting down and abandoning module MRMesh (202)
[2018.07.24-17.40.39:237][994]LogModuleManager: Shutting down and abandoning module SourceCodeAccess (200)
[2018.07.24-17.40.39:237][994]LogModuleManager: Shutting down and abandoning module HeadMountedDisplay (198)
[2018.07.24-17.40.39:237][994]LogModuleManager: Shutting down and abandoning module XAudio2 (196)
[2018.07.24-17.40.39:237][994]LogModuleManager: Shutting down and abandoning module Networking (194)
[2018.07.24-17.40.39:237][994]LogModuleManager: Shutting down and abandoning module Core (192)
[2018.07.24-17.40.39:237][994]LogModuleManager: Shutting down and abandoning module LevelSequence (190)
[2018.07.24-17.40.39:237][994]LogModuleManager: Shutting down and abandoning module KismetCompiler (188)
[2018.07.24-17.40.39:237][994]LogModuleManager: Shutting down and abandoning module MeshUtilities (186)
[2018.07.24-17.40.39:237][994]LogModuleManager: Shutting down and abandoning module MeshMergeUtilities (185)
[2018.07.24-17.40.39:237][994]LogModuleManager: Shutting down and abandoning module MeshReductionInterface (184)
[2018.07.24-17.40.39:237][994]LogModuleManager: Shutting down and abandoning module SimplygonSwarm (183)
[2018.07.24-17.40.39:237][994]LogModuleManager: Shutting down and abandoning module ProxyLODMeshReduction (181)
[2018.07.24-17.40.39:237][994]LogModuleManager: Shutting down and abandoning module SimplygonMeshReduction (179)
[2018.07.24-17.40.39:237][994]LogModuleManager: Shutting down and abandoning module QuadricMeshReduction (177)
[2018.07.24-17.40.39:237][994]LogModuleManager: Shutting down and abandoning module MaterialBaking (173)
[2018.07.24-17.40.39:237][994]LogModuleManager: Shutting down and abandoning module DirectoryWatcher (169)
[2018.07.24-17.40.39:242][994]LogModuleManager: Shutting down and abandoning module DerivedDataCache (166)
[2018.07.24-17.40.39:336][994]LogDerivedDataCache: Shutdown
[2018.07.24-17.40.39:336][994]LogModuleManager: Shutting down and abandoning module XGEController (164)
[2018.07.24-17.40.39:336][994]LogModuleManager: Shutting down and abandoning module TargetPlatform (162)
[2018.07.24-17.40.39:336][994]LogModuleManager: Shutting down and abandoning module VulkanShaderFormat (161)
[2018.07.24-17.40.39:336][994]LogModuleManager: Shutting down and abandoning module ShaderFormatVectorVM (159)
[2018.07.24-17.40.39:336][994]LogModuleManager: Shutting down and abandoning module ShaderFormatOpenGL (157)
[2018.07.24-17.40.39:336][994]LogModuleManager: Shutting down and abandoning module ShaderFormatD3D (155)
[2018.07.24-17.40.39:336][994]LogModuleManager: Shutting down and abandoning module MetalShaderFormat (153)
[2018.07.24-17.40.39:336][994]LogModuleManager: Shutting down and abandoning module TextureFormatUncompressed (151)
[2018.07.24-17.40.39:336][994]LogModuleManager: Shutting down and abandoning module TextureFormatPVR (149)
[2018.07.24-17.40.39:336][994]LogModuleManager: Shutting down and abandoning module TextureFormatDXT (147)
[2018.07.24-17.40.39:336][994]LogModuleManager: Shutting down and abandoning module TextureFormatIntelISPCTexComp (145)
[2018.07.24-17.40.39:336][994]LogModuleManager: Shutting down and abandoning module TextureFormatASTC (143)
[2018.07.24-17.40.39:336][994]LogModuleManager: Shutting down and abandoning module ImageWrapper (142)
[2018.07.24-17.40.39:337][994]LogModuleManager: Shutting down and abandoning module TextureFormatAndroid (139)
[2018.07.24-17.40.39:337][994]LogModuleManager: Shutting down and abandoning module AudioFormatOpus (137)
[2018.07.24-17.40.39:337][994]LogModuleManager: Shutting down and abandoning module AudioFormatOgg (135)
[2018.07.24-17.40.39:337][994]LogModuleManager: Shutting down and abandoning module AudioFormatADPCM (133)
[2018.07.24-17.40.39:337][994]LogModuleManager: Shutting down and abandoning module LuminTargetPlatform (131)
[2018.07.24-17.40.39:337][994]LogModuleManager: Shutting down and abandoning module LinuxTargetPlatform (129)
[2018.07.24-17.40.39:337][994]LogModuleManager: Shutting down and abandoning module LinuxServerTargetPlatform (127)
[2018.07.24-17.40.39:337][994]LogModuleManager: Shutting down and abandoning module LinuxNoEditorTargetPlatform (125)
[2018.07.24-17.40.39:337][994]LogModuleManager: Shutting down and abandoning module LinuxClientTargetPlatform (123)
[2018.07.24-17.40.39:337][994]LogModuleManager: Shutting down and abandoning module TVOSTargetPlatform (121)
[2018.07.24-17.40.39:338][994]LogModuleManager: Shutting down and abandoning module Messaging (119)
[2018.07.24-17.40.39:338][994]LogModuleManager: Shutting down and abandoning module IOSTargetPlatform (117)
[2018.07.24-17.40.39:340][994]LogModuleManager: Shutting down and abandoning module HTML5TargetPlatform (115)
[2018.07.24-17.40.39:340][994]LogModuleManager: Shutting down and abandoning module AndroidTargetPlatform (113)
[2018.07.24-17.40.39:351][994]LogModuleManager: Shutting down and abandoning module WindowsTargetPlatform (111)
[2018.07.24-17.40.39:351][994]LogModuleManager: Shutting down and abandoning module WindowsServerTargetPlatform (109)
[2018.07.24-17.40.39:351][994]LogModuleManager: Shutting down and abandoning module WindowsNoEditorTargetPlatform (107)
[2018.07.24-17.40.39:351][994]LogModuleManager: Shutting down and abandoning module WindowsClientTargetPlatform (105)
[2018.07.24-17.40.39:351][994]LogModuleManager: Shutting down and abandoning module MacTargetPlatform (103)
[2018.07.24-17.40.39:351][994]LogModuleManager: Shutting down and abandoning module MacServerTargetPlatform (101)
[2018.07.24-17.40.39:351][994]LogModuleManager: Shutting down and abandoning module MacNoEditorTargetPlatform (99)
[2018.07.24-17.40.39:351][994]LogModuleManager: Shutting down and abandoning module MacClientTargetPlatform (97)
[2018.07.24-17.40.39:351][994]LogModuleManager: Shutting down and abandoning module AllDesktopTargetPlatform (95)
[2018.07.24-17.40.39:351][994]LogModuleManager: Shutting down and abandoning module InputCore (92)
[2018.07.24-17.40.39:351][994]LogModuleManager: Shutting down and abandoning module Settings (90)
[2018.07.24-17.40.39:351][994]LogModuleManager: Shutting down and abandoning module PhysXCooking (88)
[2018.07.24-17.40.39:351][994]LogModuleManager: Shutting down and abandoning module SteamVR (86)
[2018.07.24-17.40.39:351][994]LogModuleManager: Shutting down and abandoning module OculusHMD (84)
[2018.07.24-17.40.39:351][994]LogModuleManager: Shutting down and abandoning module ExampleDeviceProfileSelector (82)
[2018.07.24-17.40.39:351][994]LogModuleManager: Shutting down and abandoning module AppleARKit (80)
[2018.07.24-17.40.39:351][994]LogModuleManager: Shutting down and abandoning module AugmentedReality (79)
[2018.07.24-17.40.39:352][994]LogModuleManager: Shutting down and abandoning module LauncherChunkInstaller (76)
[2018.07.24-17.40.39:352][994]LogModuleManager: Shutting down and abandoning module OnlineBlueprintSupport (74)
[2018.07.24-17.40.39:352][994]LogModuleManager: Shutting down and abandoning module OnlineSubsystem (70)
[2018.07.24-17.40.39:353][994]LogModuleManager: Shutting down and abandoning module XMPP (65)
[2018.07.24-17.40.39:353][994]LogModuleManager: Shutting down and abandoning module WebSockets (64)
[2018.07.24-17.40.39:375][994]LogModuleManager: Shutting down and abandoning module HTTP (61)
[2018.07.24-17.40.39:375][994]LogHttp: Display: Http module shutting down, but needs to wait on 1 outstanding Http requests:
[2018.07.24-17.40.39:376][994]LogHttp: Display: 	verb=[POST] url=[https://datarouter.ol.epicgames.com/datarouter/api/v1/public/data?SessionID=%7BBC12C1FD-4D46-38E8-0349-9E951519A92F%7D&AppID=UEEditor.Rocket.Release&AppVersion=4.20.0-4135216%2B%2B%2BUE4%2BRelease-4.20&UserID=1f9814df47e229ba9e3cc18790562bd9%7C873b76efe86a4f1daf02304f649f44d7%7C7f424a18-0732-47d7-b70e-5832cea51b5c&AppEnvironment=datacollector-binary&UploadType=eteventstream] status=Processing
[2018.07.24-17.40.39:407][994]LogModuleManager: Shutting down and abandoning module SSL (60)
[2018.07.24-17.40.39:409][994]LogModuleManager: Shutting down and abandoning module MagicLeapEmulator (56)
[2018.07.24-17.40.39:409][994]LogModuleManager: Shutting down and abandoning module MagicLeapPrivileges (54)
[2018.07.24-17.40.39:409][994]LogModuleManager: Shutting down and abandoning module MagicLeapIdentity (52)
[2018.07.24-17.40.39:409][994]LogModuleManager: Shutting down and abandoning module MagicLeapHelperVulkan (50)
[2018.07.24-17.40.39:409][994]LogModuleManager: Shutting down and abandoning module MagicLeapHelperOpenGL (48)
[2018.07.24-17.40.39:409][994]LogModuleManager: Shutting down and abandoning module MagicLeapSecureStorage (46)
[2018.07.24-17.40.39:409][994]LogModuleManager: Shutting down and abandoning module MagicLeapGestures (44)
[2018.07.24-17.40.39:410][994]LogModuleManager: Shutting down and abandoning module MagicLeapEyeTracker (42)
[2018.07.24-17.40.39:410][994]LogModuleManager: Shutting down and abandoning module MagicLeapController (40)
[2018.07.24-17.40.39:410][994]LogSlate: Slate User Destroyed.  User Index 0, Is Virtual User: 0
[2018.07.24-17.40.39:410][994]LogModuleManager: Shutting down and abandoning module MagicLeap (38)
[2018.07.24-17.40.39:410][994]LogModuleManager: Shutting down and abandoning module AnimationModifiers (36)
[2018.07.24-17.40.39:410][994]LogModuleManager: Shutting down and abandoning module PropertyEditor (35)
[2018.07.24-17.40.39:410][994]LogModuleManager: Shutting down and abandoning module AudioEditor (32)
[2018.07.24-17.40.39:410][994]LogModuleManager: Shutting down and abandoning module TextureCompressor (30)
[2018.07.24-17.40.39:410][994]LogModuleManager: Shutting down and abandoning module ShaderCore (28)
[2018.07.24-17.40.39:410][994]LogModuleManager: Shutting down and abandoning module Landscape (26)
[2018.07.24-17.40.39:411][994]LogModuleManager: Shutting down and abandoning module SlateRHIRenderer (24)
[2018.07.24-17.40.39:411][994]LogModuleManager: Shutting down and abandoning module OpenGLDrv (22)
[2018.07.24-17.40.39:411][994]LogModuleManager: Shutting down and abandoning module D3D11RHI (20)
[2018.07.24-17.40.39:411][994]LogModuleManager: Shutting down and abandoning module AnimGraphRuntime (18)
[2018.07.24-17.40.39:411][994]LogModuleManager: Shutting down and abandoning module Renderer (16)
[2018.07.24-17.40.39:411][994]LogModuleManager: Shutting down and abandoning module Engine (14)
[2018.07.24-17.40.39:411][994]LogModuleManager: Shutting down and abandoning module CoreUObject (12)
[2018.07.24-17.40.39:411][994]LogModuleManager: Shutting down and abandoning module NetworkFile (10)
[2018.07.24-17.40.39:411][994]LogModuleManager: Shutting down and abandoning module CookedIterativeFile (8)
[2018.07.24-17.40.39:411][994]LogModuleManager: Shutting down and abandoning module StreamingFile (6)
[2018.07.24-17.40.39:411][994]LogModuleManager: Shutting down and abandoning module SandboxFile (4)
[2018.07.24-17.40.39:411][994]LogModuleManager: Shutting down and abandoning module PakFile (2)
[2018.07.24-17.40.39:420][994]LogExit: Exiting.
[2018.07.24-17.40.39:449][994]Log file closed, 07/24/18 20:40:39
